{
  "RSpec": {
    "coverage": {
      "/Users/joeconnor/Documents/work/FactoryMedia/source/experiments/rywrds/app/helpers/application_helper.rb": [
        1,
        null
      ],
      "/Users/joeconnor/Documents/work/FactoryMedia/source/experiments/rywrds/app/models/eligibility_service.rb": [
        1,
        1,
        null,
        null,
        1,
        null,
        1,
        4,
        null,
        null,
        1,
        null,
        null,
        1,
        null,
        null,
        null,
        null,
        1,
        2,
        null,
        null,
        1,
        0,
        null,
        null
      ],
      "/Users/joeconnor/Documents/work/FactoryMedia/source/experiments/rywrds/app/models/rewards_service.rb": [
        1,
        1,
        null,
        null,
        1,
        null,
        null,
        1,
        3,
        3,
        null,
        null,
        null,
        1,
        1,
        1,
        0,
        null,
        0,
        null,
        0,
        null,
        null,
        1,
        null,
        null,
        1,
        0,
        null,
        null,
        1,
        null,
        1,
        1,
        null,
        null,
        null,
        1,
        0,
        null,
        null,
        1,
        1,
        null,
        null
      ]
    },
    "timestamp": 1433945181
  }
}
